0 info it worked if it ends with ok
1 verbose cli [ '/Users/caixiaoqing/.nvm/versions/node/v6.10.3/bin/node',
1 verbose cli   '/Users/caixiaoqing/.nvm/versions/node/v6.10.3/lib/node_modules/tnpm/node_modules/_npm@3.10.10@npm/bin/npm-cli.js',
1 verbose cli   '--cache=/Users/caixiaoqing/.tnpm',
1 verbose cli   '--tmp=/Users/caixiaoqing/.tnpm_tmp',
1 verbose cli   '--no-proxy',
1 verbose cli   '--disturl=https://tnpm-hz.oss-cn-hangzhou.aliyuncs.com/dist/node',
1 verbose cli   '--userconfig=/Users/caixiaoqing/.tnpmrc',
1 verbose cli   '--registry=http://registry.npm.alibaba-inc.com',
1 verbose cli   'whoami' ]
2 info using npm@3.10.10
3 info using node@v6.10.3
4 verbose stack Error: this command requires you to be logged in.
4 verbose stack     at EventEmitter.whoami (/Users/caixiaoqing/.nvm/versions/node/v6.10.3/lib/node_modules/tnpm/node_modules/_npm@3.10.10@npm/lib/whoami.js:42:18)
4 verbose stack     at Object.commandCache.(anonymous function) (/Users/caixiaoqing/.nvm/versions/node/v6.10.3/lib/node_modules/tnpm/node_modules/_npm@3.10.10@npm/lib/npm.js:124:13)
4 verbose stack     at EventEmitter.<anonymous> (/Users/caixiaoqing/.nvm/versions/node/v6.10.3/lib/node_modules/tnpm/node_modules/_npm@3.10.10@npm/bin/npm-cli.js:73:30)
4 verbose stack     at _combinedTickCallback (internal/process/next_tick.js:73:7)
4 verbose stack     at process._tickCallback (internal/process/next_tick.js:104:9)
5 verbose cwd /Users/caixiaoqing/project/tiny/tinyDemo/fishing
6 error Darwin 16.6.0
7 error argv "/Users/caixiaoqing/.nvm/versions/node/v6.10.3/bin/node" "/Users/caixiaoqing/.nvm/versions/node/v6.10.3/lib/node_modules/tnpm/node_modules/_npm@3.10.10@npm/bin/npm-cli.js" "--cache=/Users/caixiaoqing/.tnpm" "--tmp=/Users/caixiaoqing/.tnpm_tmp" "--no-proxy" "--disturl=https://tnpm-hz.oss-cn-hangzhou.aliyuncs.com/dist/node" "--userconfig=/Users/caixiaoqing/.tnpmrc" "--registry=http://registry.npm.alibaba-inc.com" "whoami"
8 error node v6.10.3
9 error npm  v3.10.10
10 error code ENEEDAUTH
11 error need auth this command requires you to be logged in.
12 error need auth You need to authorize this machine using `npm adduser`
13 verbose exit [ 1, true ]
